2019-03-26 19:03:50,520 ERROR 18707 [-/127.0.0.1/-/7ms GET /det] nodejs.ReferenceError: ctx is not defined
    at HomeController.det (/Users/lbr/code/test/nodejs/egg_dome/app/controller/home.js:15:7)
    at Object.callFn (/Users/lbr/code/test/nodejs/egg_dome/node_modules/_egg-core@4.16.1@egg-core/lib/utils/index.js:44:21)
    at Object.classControllerMiddleware (/Users/lbr/code/test/nodejs/egg_dome/node_modules/_egg-core@4.16.1@egg-core/lib/loader/mixin/controller.js:87:20)
    at Object.callFn (/Users/lbr/code/test/nodejs/egg_dome/node_modules/_@eggjs_router@2.0.0@@eggjs/router/lib/utils.js:12:21)
    at wrappedController (/Users/lbr/code/test/nodejs/egg_dome/node_modules/_@eggjs_router@2.0.0@@eggjs/router/lib/egg_router.js:322:18)
    at dispatch (/Users/lbr/code/test/nodejs/egg_dome/node_modules/_koa-compose@3.2.1@koa-compose/index.js:44:32)
    at next (/Users/lbr/code/test/nodejs/egg_dome/node_modules/_koa-compose@3.2.1@koa-compose/index.js:45:18)
    at /Users/lbr/code/test/nodejs/egg_dome/node_modules/_@eggjs_router@2.0.0@@eggjs/router/lib/router.js:190:18
    at dispatch (/Users/lbr/code/test/nodejs/egg_dome/node_modules/_koa-compose@3.2.1@koa-compose/index.js:44:32)
    at /Users/lbr/code/test/nodejs/egg_dome/node_modules/_koa-compose@3.2.1@koa-compose/index.js:36:12

pid: 18707
hostname: lbrdeMacBook-Pro.local

2019-03-26 19:06:43,328 ERROR 18821 [-/127.0.0.1/-/7ms GET /det] nodejs.ReferenceError: ctx is not defined
    at HomeController.det (/Users/lbr/code/test/nodejs/egg_dome/app/controller/home.js:15:7)
    at Object.callFn (/Users/lbr/code/test/nodejs/egg_dome/node_modules/_egg-core@4.16.1@egg-core/lib/utils/index.js:44:21)
    at Object.classControllerMiddleware (/Users/lbr/code/test/nodejs/egg_dome/node_modules/_egg-core@4.16.1@egg-core/lib/loader/mixin/controller.js:87:20)
    at Object.callFn (/Users/lbr/code/test/nodejs/egg_dome/node_modules/_@eggjs_router@2.0.0@@eggjs/router/lib/utils.js:12:21)
    at wrappedController (/Users/lbr/code/test/nodejs/egg_dome/node_modules/_@eggjs_router@2.0.0@@eggjs/router/lib/egg_router.js:322:18)
    at dispatch (/Users/lbr/code/test/nodejs/egg_dome/node_modules/_koa-compose@3.2.1@koa-compose/index.js:44:32)
    at next (/Users/lbr/code/test/nodejs/egg_dome/node_modules/_koa-compose@3.2.1@koa-compose/index.js:45:18)
    at /Users/lbr/code/test/nodejs/egg_dome/node_modules/_@eggjs_router@2.0.0@@eggjs/router/lib/router.js:190:18
    at dispatch (/Users/lbr/code/test/nodejs/egg_dome/node_modules/_koa-compose@3.2.1@koa-compose/index.js:44:32)
    at /Users/lbr/code/test/nodejs/egg_dome/node_modules/_koa-compose@3.2.1@koa-compose/index.js:36:12

pid: 18821
hostname: lbrdeMacBook-Pro.local

2019-03-27 13:31:25,492 ERROR 5128 nodejs.ClusterClientNoResponseError: client no response in 2665986ms exceeding maxIdleTime 60000ms, maybe the connection is close on other side.
    at Timeout.Leader._heartbeatTimer.setInterval [as _onTimeout] (/Users/lbr/code/test/nodejs/egg_dome/node_modules/_cluster-client@3.0.1@cluster-client/lib/leader.js:77:23)
    at ontimeout (timers.js:436:11)
    at tryOnTimeout (timers.js:300:5)
    at listOnTimeout (timers.js:263:5)
    at Timer.processTimers (timers.js:223:10)
name: "ClusterClientNoResponseError"
pid: 5128
hostname: lbrdeMacBook-Pro.local

2019-03-27 13:53:11,933 ERROR 5128 nodejs.ClusterClientNoResponseError: client no response in 1286432ms exceeding maxIdleTime 60000ms, maybe the connection is close on other side.
    at Timeout.Leader._heartbeatTimer.setInterval [as _onTimeout] (/Users/lbr/code/test/nodejs/egg_dome/node_modules/_cluster-client@3.0.1@cluster-client/lib/leader.js:77:23)
    at ontimeout (timers.js:436:11)
    at tryOnTimeout (timers.js:300:5)
    at listOnTimeout (timers.js:263:5)
    at Timer.processTimers (timers.js:223:10)
name: "ClusterClientNoResponseError"
pid: 5128
hostname: lbrdeMacBook-Pro.local

2019-03-27 14:55:13,214 ERROR 9281 [-/127.0.0.1/-/10ms GET /api/v2/topics] nodejs.Error: Please set config.keys first
    at Application.get keys [as keys] (/Users/lbr/code/test/nodejs/egg_dome/node_modules/_egg@2.20.2@egg/lib/application.js:257:15)
    at Object.get cookies [as cookies] (/Users/lbr/code/test/nodejs/egg_dome/node_modules/_egg@2.20.2@egg/app/extend/context.js:22:66)
    at Object.get [egg-security#CSRF_SECRET] (/Users/lbr/code/test/nodejs/egg_dome/node_modules/_egg-security@2.5.0@egg-security/app/extend/context.js:86:33)
    at Object.ensureCsrfSecret (/Users/lbr/code/test/nodejs/egg_dome/node_modules/_egg-security@2.5.0@egg-security/app/extend/context.js:97:13)
    at csrf (/Users/lbr/code/test/nodejs/egg_dome/node_modules/_egg-security@2.5.0@egg-security/lib/middlewares/csrf.js:14:9)
    at dispatch (/Users/lbr/code/test/nodejs/egg_dome/node_modules/_koa-compose@4.1.0@koa-compose/index.js:42:32)
    at /Users/lbr/code/test/nodejs/egg_dome/node_modules/_koa-compose@4.1.0@koa-compose/index.js:34:12
    at dispatch (/Users/lbr/code/test/nodejs/egg_dome/node_modules/_koa-compose@4.1.0@koa-compose/index.js:42:32)
    at session (/Users/lbr/code/test/nodejs/egg_dome/node_modules/_koa-session@5.10.1@koa-session/index.js:41:13)
    at dispatch (/Users/lbr/code/test/nodejs/egg_dome/node_modules/_koa-compose@4.1.0@koa-compose/index.js:42:32)

pid: 9281
hostname: lbrdeMacBook-Pro.local

2019-03-27 15:29:59,235 ERROR 10404 [-/127.0.0.1/-/9ms GET /api/v2/topics] nodejs.Error: Please set config.keys first
    at Application.get keys [as keys] (/Users/lbr/code/test/nodejs/egg_dome/node_modules/_egg@2.20.2@egg/lib/application.js:257:15)
    at Object.get cookies [as cookies] (/Users/lbr/code/test/nodejs/egg_dome/node_modules/_egg@2.20.2@egg/app/extend/context.js:22:66)
    at Object.get [egg-security#CSRF_SECRET] (/Users/lbr/code/test/nodejs/egg_dome/node_modules/_egg-security@2.5.0@egg-security/app/extend/context.js:86:33)
    at Object.ensureCsrfSecret (/Users/lbr/code/test/nodejs/egg_dome/node_modules/_egg-security@2.5.0@egg-security/app/extend/context.js:97:13)
    at csrf (/Users/lbr/code/test/nodejs/egg_dome/node_modules/_egg-security@2.5.0@egg-security/lib/middlewares/csrf.js:14:9)
    at dispatch (/Users/lbr/code/test/nodejs/egg_dome/node_modules/_koa-compose@4.1.0@koa-compose/index.js:42:32)
    at /Users/lbr/code/test/nodejs/egg_dome/node_modules/_koa-compose@4.1.0@koa-compose/index.js:34:12
    at dispatch (/Users/lbr/code/test/nodejs/egg_dome/node_modules/_koa-compose@4.1.0@koa-compose/index.js:42:32)
    at session (/Users/lbr/code/test/nodejs/egg_dome/node_modules/_koa-session@5.10.1@koa-session/index.js:41:13)
    at dispatch (/Users/lbr/code/test/nodejs/egg_dome/node_modules/_koa-compose@4.1.0@koa-compose/index.js:42:32)

pid: 10404
hostname: lbrdeMacBook-Pro.local

2019-03-27 15:30:29,200 ERROR 10404 [-/127.0.0.1/-/1ms GET /user/login?username=3] nodejs.Error: Please set config.keys first
    at Application.get keys [as keys] (/Users/lbr/code/test/nodejs/egg_dome/node_modules/_egg@2.20.2@egg/lib/application.js:257:15)
    at Object.get cookies [as cookies] (/Users/lbr/code/test/nodejs/egg_dome/node_modules/_egg@2.20.2@egg/app/extend/context.js:22:66)
    at Object.get [egg-security#CSRF_SECRET] (/Users/lbr/code/test/nodejs/egg_dome/node_modules/_egg-security@2.5.0@egg-security/app/extend/context.js:86:33)
    at Object.ensureCsrfSecret (/Users/lbr/code/test/nodejs/egg_dome/node_modules/_egg-security@2.5.0@egg-security/app/extend/context.js:97:13)
    at csrf (/Users/lbr/code/test/nodejs/egg_dome/node_modules/_egg-security@2.5.0@egg-security/lib/middlewares/csrf.js:14:9)
    at dispatch (/Users/lbr/code/test/nodejs/egg_dome/node_modules/_koa-compose@4.1.0@koa-compose/index.js:42:32)
    at /Users/lbr/code/test/nodejs/egg_dome/node_modules/_koa-compose@4.1.0@koa-compose/index.js:34:12
    at dispatch (/Users/lbr/code/test/nodejs/egg_dome/node_modules/_koa-compose@4.1.0@koa-compose/index.js:42:32)
    at session (/Users/lbr/code/test/nodejs/egg_dome/node_modules/_koa-session@5.10.1@koa-session/index.js:41:13)
    at dispatch (/Users/lbr/code/test/nodejs/egg_dome/node_modules/_koa-compose@4.1.0@koa-compose/index.js:42:32)

pid: 10404
hostname: lbrdeMacBook-Pro.local

2019-03-27 15:36:27,012 ERROR 10404 [-/127.0.0.1/-/0ms GET /] nodejs.Error: Please set config.keys first
    at Application.get keys [as keys] (/Users/lbr/code/test/nodejs/egg_dome/node_modules/_egg@2.20.2@egg/lib/application.js:257:15)
    at Object.get cookies [as cookies] (/Users/lbr/code/test/nodejs/egg_dome/node_modules/_egg@2.20.2@egg/app/extend/context.js:22:66)
    at Object.get [egg-security#CSRF_SECRET] (/Users/lbr/code/test/nodejs/egg_dome/node_modules/_egg-security@2.5.0@egg-security/app/extend/context.js:86:33)
    at Object.ensureCsrfSecret (/Users/lbr/code/test/nodejs/egg_dome/node_modules/_egg-security@2.5.0@egg-security/app/extend/context.js:97:13)
    at csrf (/Users/lbr/code/test/nodejs/egg_dome/node_modules/_egg-security@2.5.0@egg-security/lib/middlewares/csrf.js:14:9)
    at dispatch (/Users/lbr/code/test/nodejs/egg_dome/node_modules/_koa-compose@4.1.0@koa-compose/index.js:42:32)
    at /Users/lbr/code/test/nodejs/egg_dome/node_modules/_koa-compose@4.1.0@koa-compose/index.js:34:12
    at dispatch (/Users/lbr/code/test/nodejs/egg_dome/node_modules/_koa-compose@4.1.0@koa-compose/index.js:42:32)
    at session (/Users/lbr/code/test/nodejs/egg_dome/node_modules/_koa-session@5.10.1@koa-session/index.js:41:13)
    at dispatch (/Users/lbr/code/test/nodejs/egg_dome/node_modules/_koa-compose@4.1.0@koa-compose/index.js:42:32)

pid: 10404
hostname: lbrdeMacBook-Pro.local

2019-03-27 15:36:36,475 ERROR 10617 [-/127.0.0.1/-/9ms GET /] nodejs.Error: Please set config.keys first
    at Application.get keys [as keys] (/Users/lbr/code/test/nodejs/egg_dome/node_modules/_egg@2.20.2@egg/lib/application.js:257:15)
    at Object.get cookies [as cookies] (/Users/lbr/code/test/nodejs/egg_dome/node_modules/_egg@2.20.2@egg/app/extend/context.js:22:66)
    at Object.get [egg-security#CSRF_SECRET] (/Users/lbr/code/test/nodejs/egg_dome/node_modules/_egg-security@2.5.0@egg-security/app/extend/context.js:86:33)
    at Object.ensureCsrfSecret (/Users/lbr/code/test/nodejs/egg_dome/node_modules/_egg-security@2.5.0@egg-security/app/extend/context.js:97:13)
    at csrf (/Users/lbr/code/test/nodejs/egg_dome/node_modules/_egg-security@2.5.0@egg-security/lib/middlewares/csrf.js:14:9)
    at dispatch (/Users/lbr/code/test/nodejs/egg_dome/node_modules/_koa-compose@4.1.0@koa-compose/index.js:42:32)
    at /Users/lbr/code/test/nodejs/egg_dome/node_modules/_koa-compose@4.1.0@koa-compose/index.js:34:12
    at dispatch (/Users/lbr/code/test/nodejs/egg_dome/node_modules/_koa-compose@4.1.0@koa-compose/index.js:42:32)
    at session (/Users/lbr/code/test/nodejs/egg_dome/node_modules/_koa-session@5.10.1@koa-session/index.js:41:13)
    at dispatch (/Users/lbr/code/test/nodejs/egg_dome/node_modules/_koa-compose@4.1.0@koa-compose/index.js:42:32)

pid: 10617
hostname: lbrdeMacBook-Pro.local

2019-03-27 15:36:57,142 ERROR 10629 [-/127.0.0.1/-/10ms GET /] nodejs.Error: Please set config.keys first
    at Application.get keys [as keys] (/Users/lbr/code/test/nodejs/egg_dome/node_modules/_egg@2.20.2@egg/lib/application.js:257:15)
    at Object.get cookies [as cookies] (/Users/lbr/code/test/nodejs/egg_dome/node_modules/_egg@2.20.2@egg/app/extend/context.js:22:66)
    at Object.get [egg-security#CSRF_SECRET] (/Users/lbr/code/test/nodejs/egg_dome/node_modules/_egg-security@2.5.0@egg-security/app/extend/context.js:86:33)
    at Object.ensureCsrfSecret (/Users/lbr/code/test/nodejs/egg_dome/node_modules/_egg-security@2.5.0@egg-security/app/extend/context.js:97:13)
    at csrf (/Users/lbr/code/test/nodejs/egg_dome/node_modules/_egg-security@2.5.0@egg-security/lib/middlewares/csrf.js:14:9)
    at dispatch (/Users/lbr/code/test/nodejs/egg_dome/node_modules/_koa-compose@4.1.0@koa-compose/index.js:42:32)
    at /Users/lbr/code/test/nodejs/egg_dome/node_modules/_koa-compose@4.1.0@koa-compose/index.js:34:12
    at dispatch (/Users/lbr/code/test/nodejs/egg_dome/node_modules/_koa-compose@4.1.0@koa-compose/index.js:42:32)
    at session (/Users/lbr/code/test/nodejs/egg_dome/node_modules/_koa-session@5.10.1@koa-session/index.js:41:13)
    at dispatch (/Users/lbr/code/test/nodejs/egg_dome/node_modules/_koa-compose@4.1.0@koa-compose/index.js:42:32)

pid: 10629
hostname: lbrdeMacBook-Pro.local

2019-03-27 15:45:38,437 ERROR 10906 [-/127.0.0.1/-/11ms GET /index] nodejs.TypeError: Cannot read property 'list' of undefined
    at IndexController.list (/Users/lbr/code/test/nodejs/egg_dome/app/controller/index.js:8:45)
    at Object.callFn (/Users/lbr/code/test/nodejs/egg_dome/node_modules/_egg-core@4.16.1@egg-core/lib/utils/index.js:44:21)
    at Object.classControllerMiddleware (/Users/lbr/code/test/nodejs/egg_dome/node_modules/_egg-core@4.16.1@egg-core/lib/loader/mixin/controller.js:87:20)
    at Object.callFn (/Users/lbr/code/test/nodejs/egg_dome/node_modules/_@eggjs_router@2.0.0@@eggjs/router/lib/utils.js:12:21)
    at wrappedController (/Users/lbr/code/test/nodejs/egg_dome/node_modules/_@eggjs_router@2.0.0@@eggjs/router/lib/egg_router.js:322:18)
    at dispatch (/Users/lbr/code/test/nodejs/egg_dome/node_modules/_koa-compose@3.2.1@koa-compose/index.js:44:32)
    at next (/Users/lbr/code/test/nodejs/egg_dome/node_modules/_koa-compose@3.2.1@koa-compose/index.js:45:18)
    at /Users/lbr/code/test/nodejs/egg_dome/node_modules/_@eggjs_router@2.0.0@@eggjs/router/lib/router.js:190:18
    at dispatch (/Users/lbr/code/test/nodejs/egg_dome/node_modules/_koa-compose@3.2.1@koa-compose/index.js:44:32)
    at /Users/lbr/code/test/nodejs/egg_dome/node_modules/_koa-compose@3.2.1@koa-compose/index.js:36:12

pid: 10906
hostname: lbrdeMacBook-Pro.local

2019-03-27 15:45:59,412 ERROR 10918 [-/127.0.0.1/-/10ms GET /index] nodejs.TypeError: Cannot read property 'list' of undefined
    at IndexController.list (/Users/lbr/code/test/nodejs/egg_dome/app/controller/index.js:8:45)
    at Object.callFn (/Users/lbr/code/test/nodejs/egg_dome/node_modules/_egg-core@4.16.1@egg-core/lib/utils/index.js:44:21)
    at Object.classControllerMiddleware (/Users/lbr/code/test/nodejs/egg_dome/node_modules/_egg-core@4.16.1@egg-core/lib/loader/mixin/controller.js:87:20)
    at Object.callFn (/Users/lbr/code/test/nodejs/egg_dome/node_modules/_@eggjs_router@2.0.0@@eggjs/router/lib/utils.js:12:21)
    at wrappedController (/Users/lbr/code/test/nodejs/egg_dome/node_modules/_@eggjs_router@2.0.0@@eggjs/router/lib/egg_router.js:322:18)
    at dispatch (/Users/lbr/code/test/nodejs/egg_dome/node_modules/_koa-compose@3.2.1@koa-compose/index.js:44:32)
    at next (/Users/lbr/code/test/nodejs/egg_dome/node_modules/_koa-compose@3.2.1@koa-compose/index.js:45:18)
    at /Users/lbr/code/test/nodejs/egg_dome/node_modules/_@eggjs_router@2.0.0@@eggjs/router/lib/router.js:190:18
    at dispatch (/Users/lbr/code/test/nodejs/egg_dome/node_modules/_koa-compose@3.2.1@koa-compose/index.js:44:32)
    at /Users/lbr/code/test/nodejs/egg_dome/node_modules/_koa-compose@3.2.1@koa-compose/index.js:36:12

pid: 10918
hostname: lbrdeMacBook-Pro.local

2019-03-27 15:46:01,895 ERROR 10918 [-/127.0.0.1/-/1ms GET /index] nodejs.TypeError: Cannot read property 'list' of undefined
    at IndexController.list (/Users/lbr/code/test/nodejs/egg_dome/app/controller/index.js:8:45)
    at Object.callFn (/Users/lbr/code/test/nodejs/egg_dome/node_modules/_egg-core@4.16.1@egg-core/lib/utils/index.js:44:21)
    at Object.classControllerMiddleware (/Users/lbr/code/test/nodejs/egg_dome/node_modules/_egg-core@4.16.1@egg-core/lib/loader/mixin/controller.js:87:20)
    at Object.callFn (/Users/lbr/code/test/nodejs/egg_dome/node_modules/_@eggjs_router@2.0.0@@eggjs/router/lib/utils.js:12:21)
    at wrappedController (/Users/lbr/code/test/nodejs/egg_dome/node_modules/_@eggjs_router@2.0.0@@eggjs/router/lib/egg_router.js:322:18)
    at dispatch (/Users/lbr/code/test/nodejs/egg_dome/node_modules/_koa-compose@3.2.1@koa-compose/index.js:44:32)
    at next (/Users/lbr/code/test/nodejs/egg_dome/node_modules/_koa-compose@3.2.1@koa-compose/index.js:45:18)
    at /Users/lbr/code/test/nodejs/egg_dome/node_modules/_@eggjs_router@2.0.0@@eggjs/router/lib/router.js:190:18
    at dispatch (/Users/lbr/code/test/nodejs/egg_dome/node_modules/_koa-compose@3.2.1@koa-compose/index.js:44:32)
    at /Users/lbr/code/test/nodejs/egg_dome/node_modules/_koa-compose@3.2.1@koa-compose/index.js:36:12

pid: 10918
hostname: lbrdeMacBook-Pro.local

2019-03-27 15:46:26,531 ERROR 10938 [-/127.0.0.1/-/12ms GET /index] nodejs.TypeError: Cannot read property 'list' of undefined
    at IndexController.list (/Users/lbr/code/test/nodejs/egg_dome/app/controller/index.js:8:45)
    at Object.callFn (/Users/lbr/code/test/nodejs/egg_dome/node_modules/_egg-core@4.16.1@egg-core/lib/utils/index.js:44:21)
    at Object.classControllerMiddleware (/Users/lbr/code/test/nodejs/egg_dome/node_modules/_egg-core@4.16.1@egg-core/lib/loader/mixin/controller.js:87:20)
    at Object.callFn (/Users/lbr/code/test/nodejs/egg_dome/node_modules/_@eggjs_router@2.0.0@@eggjs/router/lib/utils.js:12:21)
    at wrappedController (/Users/lbr/code/test/nodejs/egg_dome/node_modules/_@eggjs_router@2.0.0@@eggjs/router/lib/egg_router.js:322:18)
    at dispatch (/Users/lbr/code/test/nodejs/egg_dome/node_modules/_koa-compose@3.2.1@koa-compose/index.js:44:32)
    at next (/Users/lbr/code/test/nodejs/egg_dome/node_modules/_koa-compose@3.2.1@koa-compose/index.js:45:18)
    at /Users/lbr/code/test/nodejs/egg_dome/node_modules/_@eggjs_router@2.0.0@@eggjs/router/lib/router.js:190:18
    at dispatch (/Users/lbr/code/test/nodejs/egg_dome/node_modules/_koa-compose@3.2.1@koa-compose/index.js:44:32)
    at /Users/lbr/code/test/nodejs/egg_dome/node_modules/_koa-compose@3.2.1@koa-compose/index.js:36:12

pid: 10938
hostname: lbrdeMacBook-Pro.local

2019-03-27 15:46:28,724 ERROR 10938 [-/127.0.0.1/-/0ms GET /index] nodejs.TypeError: Cannot read property 'list' of undefined
    at IndexController.list (/Users/lbr/code/test/nodejs/egg_dome/app/controller/index.js:8:45)
    at Object.callFn (/Users/lbr/code/test/nodejs/egg_dome/node_modules/_egg-core@4.16.1@egg-core/lib/utils/index.js:44:21)
    at Object.classControllerMiddleware (/Users/lbr/code/test/nodejs/egg_dome/node_modules/_egg-core@4.16.1@egg-core/lib/loader/mixin/controller.js:87:20)
    at Object.callFn (/Users/lbr/code/test/nodejs/egg_dome/node_modules/_@eggjs_router@2.0.0@@eggjs/router/lib/utils.js:12:21)
    at wrappedController (/Users/lbr/code/test/nodejs/egg_dome/node_modules/_@eggjs_router@2.0.0@@eggjs/router/lib/egg_router.js:322:18)
    at dispatch (/Users/lbr/code/test/nodejs/egg_dome/node_modules/_koa-compose@3.2.1@koa-compose/index.js:44:32)
    at next (/Users/lbr/code/test/nodejs/egg_dome/node_modules/_koa-compose@3.2.1@koa-compose/index.js:45:18)
    at /Users/lbr/code/test/nodejs/egg_dome/node_modules/_@eggjs_router@2.0.0@@eggjs/router/lib/router.js:190:18
    at dispatch (/Users/lbr/code/test/nodejs/egg_dome/node_modules/_koa-compose@3.2.1@koa-compose/index.js:44:32)
    at /Users/lbr/code/test/nodejs/egg_dome/node_modules/_koa-compose@3.2.1@koa-compose/index.js:36:12

pid: 10938
hostname: lbrdeMacBook-Pro.local

2019-03-27 15:47:10,750 ERROR 10964 [-/127.0.0.1/-/13ms GET /index] nodejs.TypeError: Cannot read property 'list' of undefined
    at IndexController.list (/Users/lbr/code/test/nodejs/egg_dome/app/controller/index.js:8:45)
    at Object.callFn (/Users/lbr/code/test/nodejs/egg_dome/node_modules/_egg-core@4.16.1@egg-core/lib/utils/index.js:44:21)
    at Object.classControllerMiddleware (/Users/lbr/code/test/nodejs/egg_dome/node_modules/_egg-core@4.16.1@egg-core/lib/loader/mixin/controller.js:87:20)
    at Object.callFn (/Users/lbr/code/test/nodejs/egg_dome/node_modules/_@eggjs_router@2.0.0@@eggjs/router/lib/utils.js:12:21)
    at wrappedController (/Users/lbr/code/test/nodejs/egg_dome/node_modules/_@eggjs_router@2.0.0@@eggjs/router/lib/egg_router.js:322:18)
    at dispatch (/Users/lbr/code/test/nodejs/egg_dome/node_modules/_koa-compose@3.2.1@koa-compose/index.js:44:32)
    at next (/Users/lbr/code/test/nodejs/egg_dome/node_modules/_koa-compose@3.2.1@koa-compose/index.js:45:18)
    at /Users/lbr/code/test/nodejs/egg_dome/node_modules/_@eggjs_router@2.0.0@@eggjs/router/lib/router.js:190:18
    at dispatch (/Users/lbr/code/test/nodejs/egg_dome/node_modules/_koa-compose@3.2.1@koa-compose/index.js:44:32)
    at /Users/lbr/code/test/nodejs/egg_dome/node_modules/_koa-compose@3.2.1@koa-compose/index.js:36:12

pid: 10964
hostname: lbrdeMacBook-Pro.local

2019-03-27 15:47:13,296 ERROR 10964 [-/127.0.0.1/-/1ms GET /index] nodejs.TypeError: Cannot read property 'list' of undefined
    at IndexController.list (/Users/lbr/code/test/nodejs/egg_dome/app/controller/index.js:8:45)
    at Object.callFn (/Users/lbr/code/test/nodejs/egg_dome/node_modules/_egg-core@4.16.1@egg-core/lib/utils/index.js:44:21)
    at Object.classControllerMiddleware (/Users/lbr/code/test/nodejs/egg_dome/node_modules/_egg-core@4.16.1@egg-core/lib/loader/mixin/controller.js:87:20)
    at Object.callFn (/Users/lbr/code/test/nodejs/egg_dome/node_modules/_@eggjs_router@2.0.0@@eggjs/router/lib/utils.js:12:21)
    at wrappedController (/Users/lbr/code/test/nodejs/egg_dome/node_modules/_@eggjs_router@2.0.0@@eggjs/router/lib/egg_router.js:322:18)
    at dispatch (/Users/lbr/code/test/nodejs/egg_dome/node_modules/_koa-compose@3.2.1@koa-compose/index.js:44:32)
    at next (/Users/lbr/code/test/nodejs/egg_dome/node_modules/_koa-compose@3.2.1@koa-compose/index.js:45:18)
    at /Users/lbr/code/test/nodejs/egg_dome/node_modules/_@eggjs_router@2.0.0@@eggjs/router/lib/router.js:190:18
    at dispatch (/Users/lbr/code/test/nodejs/egg_dome/node_modules/_koa-compose@3.2.1@koa-compose/index.js:44:32)
    at /Users/lbr/code/test/nodejs/egg_dome/node_modules/_koa-compose@3.2.1@koa-compose/index.js:36:12

pid: 10964
hostname: lbrdeMacBook-Pro.local

2019-03-27 15:48:33,218 ERROR 11009 [-/127.0.0.1/-/12ms GET /index] nodejs.TypeError: Cannot read property 'list' of undefined
    at IndexController.list (/Users/lbr/code/test/nodejs/egg_dome/app/controller/index.js:8:45)
    at Object.callFn (/Users/lbr/code/test/nodejs/egg_dome/node_modules/_egg-core@4.16.1@egg-core/lib/utils/index.js:44:21)
    at Object.classControllerMiddleware (/Users/lbr/code/test/nodejs/egg_dome/node_modules/_egg-core@4.16.1@egg-core/lib/loader/mixin/controller.js:87:20)
    at Object.callFn (/Users/lbr/code/test/nodejs/egg_dome/node_modules/_@eggjs_router@2.0.0@@eggjs/router/lib/utils.js:12:21)
    at wrappedController (/Users/lbr/code/test/nodejs/egg_dome/node_modules/_@eggjs_router@2.0.0@@eggjs/router/lib/egg_router.js:322:18)
    at dispatch (/Users/lbr/code/test/nodejs/egg_dome/node_modules/_koa-compose@3.2.1@koa-compose/index.js:44:32)
    at next (/Users/lbr/code/test/nodejs/egg_dome/node_modules/_koa-compose@3.2.1@koa-compose/index.js:45:18)
    at /Users/lbr/code/test/nodejs/egg_dome/node_modules/_@eggjs_router@2.0.0@@eggjs/router/lib/router.js:190:18
    at dispatch (/Users/lbr/code/test/nodejs/egg_dome/node_modules/_koa-compose@3.2.1@koa-compose/index.js:44:32)
    at /Users/lbr/code/test/nodejs/egg_dome/node_modules/_koa-compose@3.2.1@koa-compose/index.js:36:12

pid: 11009
hostname: lbrdeMacBook-Pro.local

2019-03-27 15:48:34,916 ERROR 11009 [-/127.0.0.1/-/1ms GET /index] nodejs.TypeError: Cannot read property 'list' of undefined
    at IndexController.list (/Users/lbr/code/test/nodejs/egg_dome/app/controller/index.js:8:45)
    at Object.callFn (/Users/lbr/code/test/nodejs/egg_dome/node_modules/_egg-core@4.16.1@egg-core/lib/utils/index.js:44:21)
    at Object.classControllerMiddleware (/Users/lbr/code/test/nodejs/egg_dome/node_modules/_egg-core@4.16.1@egg-core/lib/loader/mixin/controller.js:87:20)
    at Object.callFn (/Users/lbr/code/test/nodejs/egg_dome/node_modules/_@eggjs_router@2.0.0@@eggjs/router/lib/utils.js:12:21)
    at wrappedController (/Users/lbr/code/test/nodejs/egg_dome/node_modules/_@eggjs_router@2.0.0@@eggjs/router/lib/egg_router.js:322:18)
    at dispatch (/Users/lbr/code/test/nodejs/egg_dome/node_modules/_koa-compose@3.2.1@koa-compose/index.js:44:32)
    at next (/Users/lbr/code/test/nodejs/egg_dome/node_modules/_koa-compose@3.2.1@koa-compose/index.js:45:18)
    at /Users/lbr/code/test/nodejs/egg_dome/node_modules/_@eggjs_router@2.0.0@@eggjs/router/lib/router.js:190:18
    at dispatch (/Users/lbr/code/test/nodejs/egg_dome/node_modules/_koa-compose@3.2.1@koa-compose/index.js:44:32)
    at /Users/lbr/code/test/nodejs/egg_dome/node_modules/_koa-compose@3.2.1@koa-compose/index.js:36:12

pid: 11009
hostname: lbrdeMacBook-Pro.local

2019-03-27 15:49:06,740 ERROR 11025 [-/127.0.0.1/-/12ms GET /index] nodejs.TypeError: Cannot read property 'list' of undefined
    at IndexController.list (/Users/lbr/code/test/nodejs/egg_dome/app/controller/index.js:8:45)
    at Object.callFn (/Users/lbr/code/test/nodejs/egg_dome/node_modules/_egg-core@4.16.1@egg-core/lib/utils/index.js:44:21)
    at Object.classControllerMiddleware (/Users/lbr/code/test/nodejs/egg_dome/node_modules/_egg-core@4.16.1@egg-core/lib/loader/mixin/controller.js:87:20)
    at Object.callFn (/Users/lbr/code/test/nodejs/egg_dome/node_modules/_@eggjs_router@2.0.0@@eggjs/router/lib/utils.js:12:21)
    at wrappedController (/Users/lbr/code/test/nodejs/egg_dome/node_modules/_@eggjs_router@2.0.0@@eggjs/router/lib/egg_router.js:322:18)
    at dispatch (/Users/lbr/code/test/nodejs/egg_dome/node_modules/_koa-compose@3.2.1@koa-compose/index.js:44:32)
    at next (/Users/lbr/code/test/nodejs/egg_dome/node_modules/_koa-compose@3.2.1@koa-compose/index.js:45:18)
    at /Users/lbr/code/test/nodejs/egg_dome/node_modules/_@eggjs_router@2.0.0@@eggjs/router/lib/router.js:190:18
    at dispatch (/Users/lbr/code/test/nodejs/egg_dome/node_modules/_koa-compose@3.2.1@koa-compose/index.js:44:32)
    at /Users/lbr/code/test/nodejs/egg_dome/node_modules/_koa-compose@3.2.1@koa-compose/index.js:36:12

pid: 11025
hostname: lbrdeMacBook-Pro.local

2019-03-27 15:50:16,608 ERROR 11068 [-/127.0.0.1/-/11ms GET /index] nodejs.TypeError: Cannot read property 'list' of undefined
    at IndexController.list (/Users/lbr/code/test/nodejs/egg_dome/app/controller/index.js:8:45)
    at Object.callFn (/Users/lbr/code/test/nodejs/egg_dome/node_modules/_egg-core@4.16.1@egg-core/lib/utils/index.js:44:21)
    at Object.classControllerMiddleware (/Users/lbr/code/test/nodejs/egg_dome/node_modules/_egg-core@4.16.1@egg-core/lib/loader/mixin/controller.js:87:20)
    at Object.callFn (/Users/lbr/code/test/nodejs/egg_dome/node_modules/_@eggjs_router@2.0.0@@eggjs/router/lib/utils.js:12:21)
    at wrappedController (/Users/lbr/code/test/nodejs/egg_dome/node_modules/_@eggjs_router@2.0.0@@eggjs/router/lib/egg_router.js:322:18)
    at dispatch (/Users/lbr/code/test/nodejs/egg_dome/node_modules/_koa-compose@3.2.1@koa-compose/index.js:44:32)
    at next (/Users/lbr/code/test/nodejs/egg_dome/node_modules/_koa-compose@3.2.1@koa-compose/index.js:45:18)
    at /Users/lbr/code/test/nodejs/egg_dome/node_modules/_@eggjs_router@2.0.0@@eggjs/router/lib/router.js:190:18
    at dispatch (/Users/lbr/code/test/nodejs/egg_dome/node_modules/_koa-compose@3.2.1@koa-compose/index.js:44:32)
    at /Users/lbr/code/test/nodejs/egg_dome/node_modules/_koa-compose@3.2.1@koa-compose/index.js:36:12

pid: 11068
hostname: lbrdeMacBook-Pro.local

2019-03-27 15:50:18,729 ERROR 11068 [-/127.0.0.1/-/0ms GET /index] nodejs.TypeError: Cannot read property 'list' of undefined
    at IndexController.list (/Users/lbr/code/test/nodejs/egg_dome/app/controller/index.js:8:45)
    at Object.callFn (/Users/lbr/code/test/nodejs/egg_dome/node_modules/_egg-core@4.16.1@egg-core/lib/utils/index.js:44:21)
    at Object.classControllerMiddleware (/Users/lbr/code/test/nodejs/egg_dome/node_modules/_egg-core@4.16.1@egg-core/lib/loader/mixin/controller.js:87:20)
    at Object.callFn (/Users/lbr/code/test/nodejs/egg_dome/node_modules/_@eggjs_router@2.0.0@@eggjs/router/lib/utils.js:12:21)
    at wrappedController (/Users/lbr/code/test/nodejs/egg_dome/node_modules/_@eggjs_router@2.0.0@@eggjs/router/lib/egg_router.js:322:18)
    at dispatch (/Users/lbr/code/test/nodejs/egg_dome/node_modules/_koa-compose@3.2.1@koa-compose/index.js:44:32)
    at next (/Users/lbr/code/test/nodejs/egg_dome/node_modules/_koa-compose@3.2.1@koa-compose/index.js:45:18)
    at /Users/lbr/code/test/nodejs/egg_dome/node_modules/_@eggjs_router@2.0.0@@eggjs/router/lib/router.js:190:18
    at dispatch (/Users/lbr/code/test/nodejs/egg_dome/node_modules/_koa-compose@3.2.1@koa-compose/index.js:44:32)
    at /Users/lbr/code/test/nodejs/egg_dome/node_modules/_koa-compose@3.2.1@koa-compose/index.js:36:12

pid: 11068
hostname: lbrdeMacBook-Pro.local

2019-03-27 15:50:37,249 ERROR 11076 [-/127.0.0.1/-/13ms GET /index] nodejs.TypeError: Cannot read property 'list' of undefined
    at IndexController.list (/Users/lbr/code/test/nodejs/egg_dome/app/controller/index.js:8:45)
    at Object.callFn (/Users/lbr/code/test/nodejs/egg_dome/node_modules/_egg-core@4.16.1@egg-core/lib/utils/index.js:44:21)
    at Object.classControllerMiddleware (/Users/lbr/code/test/nodejs/egg_dome/node_modules/_egg-core@4.16.1@egg-core/lib/loader/mixin/controller.js:87:20)
    at Object.callFn (/Users/lbr/code/test/nodejs/egg_dome/node_modules/_@eggjs_router@2.0.0@@eggjs/router/lib/utils.js:12:21)
    at wrappedController (/Users/lbr/code/test/nodejs/egg_dome/node_modules/_@eggjs_router@2.0.0@@eggjs/router/lib/egg_router.js:322:18)
    at dispatch (/Users/lbr/code/test/nodejs/egg_dome/node_modules/_koa-compose@3.2.1@koa-compose/index.js:44:32)
    at next (/Users/lbr/code/test/nodejs/egg_dome/node_modules/_koa-compose@3.2.1@koa-compose/index.js:45:18)
    at /Users/lbr/code/test/nodejs/egg_dome/node_modules/_@eggjs_router@2.0.0@@eggjs/router/lib/router.js:190:18
    at dispatch (/Users/lbr/code/test/nodejs/egg_dome/node_modules/_koa-compose@3.2.1@koa-compose/index.js:44:32)
    at /Users/lbr/code/test/nodejs/egg_dome/node_modules/_koa-compose@3.2.1@koa-compose/index.js:36:12

pid: 11076
hostname: lbrdeMacBook-Pro.local

2019-03-27 15:50:38,194 ERROR 11076 [-/127.0.0.1/-/1ms GET /index] nodejs.TypeError: Cannot read property 'list' of undefined
    at IndexController.list (/Users/lbr/code/test/nodejs/egg_dome/app/controller/index.js:8:45)
    at Object.callFn (/Users/lbr/code/test/nodejs/egg_dome/node_modules/_egg-core@4.16.1@egg-core/lib/utils/index.js:44:21)
    at Object.classControllerMiddleware (/Users/lbr/code/test/nodejs/egg_dome/node_modules/_egg-core@4.16.1@egg-core/lib/loader/mixin/controller.js:87:20)
    at Object.callFn (/Users/lbr/code/test/nodejs/egg_dome/node_modules/_@eggjs_router@2.0.0@@eggjs/router/lib/utils.js:12:21)
    at wrappedController (/Users/lbr/code/test/nodejs/egg_dome/node_modules/_@eggjs_router@2.0.0@@eggjs/router/lib/egg_router.js:322:18)
    at dispatch (/Users/lbr/code/test/nodejs/egg_dome/node_modules/_koa-compose@3.2.1@koa-compose/index.js:44:32)
    at next (/Users/lbr/code/test/nodejs/egg_dome/node_modules/_koa-compose@3.2.1@koa-compose/index.js:45:18)
    at /Users/lbr/code/test/nodejs/egg_dome/node_modules/_@eggjs_router@2.0.0@@eggjs/router/lib/router.js:190:18
    at dispatch (/Users/lbr/code/test/nodejs/egg_dome/node_modules/_koa-compose@3.2.1@koa-compose/index.js:44:32)
    at /Users/lbr/code/test/nodejs/egg_dome/node_modules/_koa-compose@3.2.1@koa-compose/index.js:36:12

pid: 11076
hostname: lbrdeMacBook-Pro.local

2019-03-27 15:50:38,726 ERROR 11076 [-/127.0.0.1/-/0ms GET /index] nodejs.TypeError: Cannot read property 'list' of undefined
    at IndexController.list (/Users/lbr/code/test/nodejs/egg_dome/app/controller/index.js:8:45)
    at Object.callFn (/Users/lbr/code/test/nodejs/egg_dome/node_modules/_egg-core@4.16.1@egg-core/lib/utils/index.js:44:21)
    at Object.classControllerMiddleware (/Users/lbr/code/test/nodejs/egg_dome/node_modules/_egg-core@4.16.1@egg-core/lib/loader/mixin/controller.js:87:20)
    at Object.callFn (/Users/lbr/code/test/nodejs/egg_dome/node_modules/_@eggjs_router@2.0.0@@eggjs/router/lib/utils.js:12:21)
    at wrappedController (/Users/lbr/code/test/nodejs/egg_dome/node_modules/_@eggjs_router@2.0.0@@eggjs/router/lib/egg_router.js:322:18)
    at dispatch (/Users/lbr/code/test/nodejs/egg_dome/node_modules/_koa-compose@3.2.1@koa-compose/index.js:44:32)
    at next (/Users/lbr/code/test/nodejs/egg_dome/node_modules/_koa-compose@3.2.1@koa-compose/index.js:45:18)
    at /Users/lbr/code/test/nodejs/egg_dome/node_modules/_@eggjs_router@2.0.0@@eggjs/router/lib/router.js:190:18
    at dispatch (/Users/lbr/code/test/nodejs/egg_dome/node_modules/_koa-compose@3.2.1@koa-compose/index.js:44:32)
    at /Users/lbr/code/test/nodejs/egg_dome/node_modules/_koa-compose@3.2.1@koa-compose/index.js:36:12

pid: 11076
hostname: lbrdeMacBook-Pro.local

2019-03-27 15:50:39,217 ERROR 11076 [-/127.0.0.1/-/0ms GET /index] nodejs.TypeError: Cannot read property 'list' of undefined
    at IndexController.list (/Users/lbr/code/test/nodejs/egg_dome/app/controller/index.js:8:45)
    at Object.callFn (/Users/lbr/code/test/nodejs/egg_dome/node_modules/_egg-core@4.16.1@egg-core/lib/utils/index.js:44:21)
    at Object.classControllerMiddleware (/Users/lbr/code/test/nodejs/egg_dome/node_modules/_egg-core@4.16.1@egg-core/lib/loader/mixin/controller.js:87:20)
    at Object.callFn (/Users/lbr/code/test/nodejs/egg_dome/node_modules/_@eggjs_router@2.0.0@@eggjs/router/lib/utils.js:12:21)
    at wrappedController (/Users/lbr/code/test/nodejs/egg_dome/node_modules/_@eggjs_router@2.0.0@@eggjs/router/lib/egg_router.js:322:18)
    at dispatch (/Users/lbr/code/test/nodejs/egg_dome/node_modules/_koa-compose@3.2.1@koa-compose/index.js:44:32)
    at next (/Users/lbr/code/test/nodejs/egg_dome/node_modules/_koa-compose@3.2.1@koa-compose/index.js:45:18)
    at /Users/lbr/code/test/nodejs/egg_dome/node_modules/_@eggjs_router@2.0.0@@eggjs/router/lib/router.js:190:18
    at dispatch (/Users/lbr/code/test/nodejs/egg_dome/node_modules/_koa-compose@3.2.1@koa-compose/index.js:44:32)
    at /Users/lbr/code/test/nodejs/egg_dome/node_modules/_koa-compose@3.2.1@koa-compose/index.js:36:12

pid: 11076
hostname: lbrdeMacBook-Pro.local

2019-03-27 15:51:16,060 ERROR 11100 [-/127.0.0.1/-/5050ms GET /index] nodejs.ConnectionTimeoutError: Connect timeout for 5000ms, GET https://hacker-news.firebaseio.com/v0/topstories.json -2 (connected: false, keepalive socket: false, agent status: {"createSocketCount":1,"createSocketErrorCount":0,"closeSocketCount":1,"errorSocketCount":0,"timeoutSocketCount":0,"requestCount":0,"freeSockets":{},"sockets":{},"requests":{}}, socketHandledRequests: 1, socketHandledResponses: 0)
headers: {}
headers: {}
    at Timeout._onTimeout (/Users/lbr/code/test/nodejs/egg_dome/node_modules/_urllib@2.33.2@urllib/lib/urllib.js:855:15)
    at ontimeout (timers.js:436:11)
    at tryOnTimeout (timers.js:300:5)
    at listOnTimeout (timers.js:263:5)
    at Timer.processTimers (timers.js:223:10)
name: "ConnectionTimeoutError"
requestId: 1
data: undefined
path: "/v0/topstories.json?orderBy=%22%24key%22&startAt=%220%22&endAt=%224%22"
status: -2
headers: {}
res: {"status":-2,"statusCode":-2,"statusMessage":null,"headers":{},"size":0,"aborted":false,"rt":5027,"keepAliveSocket":false,"requestUrls":["https://hacker-news.firebaseio.com/v0/topstories.json"],"timing":null,"remoteAddress":"35.201.97.85","remotePort":"","socketHandledRequests":1,"socketHandledResponses":0}
pid: 11100
hostname: lbrdeMacBook-Pro.local

2019-03-27 16:12:06,814 ERROR 11791 [-/127.0.0.1/-/14ms GET /index] nodejs.TypeError: this.config.keys.split is not a function
    at Application.get keys [as keys] (/Users/lbr/code/test/nodejs/egg_dome/node_modules/_egg@2.20.2@egg/lib/application.js:260:37)
    at Object.get cookies [as cookies] (/Users/lbr/code/test/nodejs/egg_dome/node_modules/_egg@2.20.2@egg/app/extend/context.js:22:66)
    at Object.get [egg-security#CSRF_SECRET] (/Users/lbr/code/test/nodejs/egg_dome/node_modules/_egg-security@2.5.0@egg-security/app/extend/context.js:86:33)
    at Object.ensureCsrfSecret (/Users/lbr/code/test/nodejs/egg_dome/node_modules/_egg-security@2.5.0@egg-security/app/extend/context.js:97:13)
    at csrf (/Users/lbr/code/test/nodejs/egg_dome/node_modules/_egg-security@2.5.0@egg-security/lib/middlewares/csrf.js:14:9)
    at dispatch (/Users/lbr/code/test/nodejs/egg_dome/node_modules/_koa-compose@4.1.0@koa-compose/index.js:42:32)
    at /Users/lbr/code/test/nodejs/egg_dome/node_modules/_koa-compose@4.1.0@koa-compose/index.js:34:12
    at dispatch (/Users/lbr/code/test/nodejs/egg_dome/node_modules/_koa-compose@4.1.0@koa-compose/index.js:42:32)
    at session (/Users/lbr/code/test/nodejs/egg_dome/node_modules/_koa-session@5.10.1@koa-session/index.js:41:13)
    at dispatch (/Users/lbr/code/test/nodejs/egg_dome/node_modules/_koa-compose@4.1.0@koa-compose/index.js:42:32)

pid: 11791
hostname: lbrdeMacBook-Pro.local

2019-03-27 17:28:34,509 ERROR 14187 [-/127.0.0.1/-/3ms GET /api/wxmp] nodejs.TypeError: Cannot set property 'body' of undefined
    at Object.exports.index (/Users/lbr/code/test/nodejs/egg_dome/app/controller/wxmp.js:19:13)
    at Object.callFn (/Users/lbr/code/test/nodejs/egg_dome/node_modules/_egg-core@4.16.1@egg-core/lib/utils/index.js:44:21)
    at Object.objectControllerMiddleware (/Users/lbr/code/test/nodejs/egg_dome/node_modules/_egg-core@4.16.1@egg-core/lib/loader/mixin/controller.js:115:26)
    at Object.callFn (/Users/lbr/code/test/nodejs/egg_dome/node_modules/_@eggjs_router@2.0.0@@eggjs/router/lib/utils.js:12:21)
    at wrappedController (/Users/lbr/code/test/nodejs/egg_dome/node_modules/_@eggjs_router@2.0.0@@eggjs/router/lib/egg_router.js:322:18)
    at dispatch (/Users/lbr/code/test/nodejs/egg_dome/node_modules/_koa-compose@3.2.1@koa-compose/index.js:44:32)
    at next (/Users/lbr/code/test/nodejs/egg_dome/node_modules/_koa-compose@3.2.1@koa-compose/index.js:45:18)
    at /Users/lbr/code/test/nodejs/egg_dome/node_modules/_@eggjs_router@2.0.0@@eggjs/router/lib/router.js:190:18
    at dispatch (/Users/lbr/code/test/nodejs/egg_dome/node_modules/_koa-compose@3.2.1@koa-compose/index.js:44:32)
    at /Users/lbr/code/test/nodejs/egg_dome/node_modules/_koa-compose@3.2.1@koa-compose/index.js:36:12

pid: 14187
hostname: lbrdeMacBook-Pro.local

2019-03-27 17:29:22,330 ERROR 14223 [-/127.0.0.1/-/8ms GET /api/wxmp] nodejs.TypeError: Cannot set property 'body' of undefined
    at Object.exports.index (/Users/lbr/code/test/nodejs/egg_dome/app/controller/wxmp.js:19:13)
    at Object.callFn (/Users/lbr/code/test/nodejs/egg_dome/node_modules/_egg-core@4.16.1@egg-core/lib/utils/index.js:44:21)
    at Object.objectControllerMiddleware (/Users/lbr/code/test/nodejs/egg_dome/node_modules/_egg-core@4.16.1@egg-core/lib/loader/mixin/controller.js:115:26)
    at Object.callFn (/Users/lbr/code/test/nodejs/egg_dome/node_modules/_@eggjs_router@2.0.0@@eggjs/router/lib/utils.js:12:21)
    at wrappedController (/Users/lbr/code/test/nodejs/egg_dome/node_modules/_@eggjs_router@2.0.0@@eggjs/router/lib/egg_router.js:322:18)
    at dispatch (/Users/lbr/code/test/nodejs/egg_dome/node_modules/_koa-compose@3.2.1@koa-compose/index.js:44:32)
    at next (/Users/lbr/code/test/nodejs/egg_dome/node_modules/_koa-compose@3.2.1@koa-compose/index.js:45:18)
    at /Users/lbr/code/test/nodejs/egg_dome/node_modules/_@eggjs_router@2.0.0@@eggjs/router/lib/router.js:190:18
    at dispatch (/Users/lbr/code/test/nodejs/egg_dome/node_modules/_koa-compose@3.2.1@koa-compose/index.js:44:32)
    at /Users/lbr/code/test/nodejs/egg_dome/node_modules/_koa-compose@3.2.1@koa-compose/index.js:36:12

pid: 14223
hostname: lbrdeMacBook-Pro.local

2019-03-27 17:44:29,487 ERROR 14738 [-/127.0.0.1/-/8ms GET /wxmp/wx_login] nodejs.Error: Please set config.keys first
    at Application.get keys [as keys] (/Users/lbr/code/test/nodejs/egg_dome/node_modules/_egg@2.20.2@egg/lib/application.js:257:15)
    at Object.get cookies [as cookies] (/Users/lbr/code/test/nodejs/egg_dome/node_modules/_egg@2.20.2@egg/app/extend/context.js:22:66)
    at Object.get [egg-security#CSRF_SECRET] (/Users/lbr/code/test/nodejs/egg_dome/node_modules/_egg-security@2.5.0@egg-security/app/extend/context.js:86:33)
    at Object.ensureCsrfSecret (/Users/lbr/code/test/nodejs/egg_dome/node_modules/_egg-security@2.5.0@egg-security/app/extend/context.js:97:13)
    at csrf (/Users/lbr/code/test/nodejs/egg_dome/node_modules/_egg-security@2.5.0@egg-security/lib/middlewares/csrf.js:14:9)
    at dispatch (/Users/lbr/code/test/nodejs/egg_dome/node_modules/_koa-compose@4.1.0@koa-compose/index.js:42:32)
    at /Users/lbr/code/test/nodejs/egg_dome/node_modules/_koa-compose@4.1.0@koa-compose/index.js:34:12
    at dispatch (/Users/lbr/code/test/nodejs/egg_dome/node_modules/_koa-compose@4.1.0@koa-compose/index.js:42:32)
    at session (/Users/lbr/code/test/nodejs/egg_dome/node_modules/_koa-session@5.10.1@koa-session/index.js:41:13)
    at dispatch (/Users/lbr/code/test/nodejs/egg_dome/node_modules/_koa-compose@4.1.0@koa-compose/index.js:42:32)

pid: 14738
hostname: lbrdeMacBook-Pro.local

2019-03-27 18:54:51,790 ERROR 16919 [-/127.0.0.1/-/12ms GET /wxmp/wx_login?code=071MyOVr0x1Edf11niVr0zhtVr0MyOV3&peerid=tqao1jtr3e5pz0vgdlkf] nodejs.ReferenceError: ctx is not defined
    at WxmpService.login (/Users/lbr/code/test/nodejs/egg_dome/app/service/wxmp.js:6:24)
    at Object.exports.wx_login (/Users/lbr/code/test/nodejs/egg_dome/app/controller/wxmp.js:2:37)
    at Object.callFn (/Users/lbr/code/test/nodejs/egg_dome/node_modules/_egg-core@4.16.1@egg-core/lib/utils/index.js:44:21)
    at Object.objectControllerMiddleware (/Users/lbr/code/test/nodejs/egg_dome/node_modules/_egg-core@4.16.1@egg-core/lib/loader/mixin/controller.js:115:26)
    at Object.callFn (/Users/lbr/code/test/nodejs/egg_dome/node_modules/_@eggjs_router@2.0.0@@eggjs/router/lib/utils.js:12:21)
    at wrappedController (/Users/lbr/code/test/nodejs/egg_dome/node_modules/_@eggjs_router@2.0.0@@eggjs/router/lib/egg_router.js:322:18)
    at dispatch (/Users/lbr/code/test/nodejs/egg_dome/node_modules/_koa-compose@3.2.1@koa-compose/index.js:44:32)
    at next (/Users/lbr/code/test/nodejs/egg_dome/node_modules/_koa-compose@3.2.1@koa-compose/index.js:45:18)
    at /Users/lbr/code/test/nodejs/egg_dome/node_modules/_@eggjs_router@2.0.0@@eggjs/router/lib/router.js:190:18
    at dispatch (/Users/lbr/code/test/nodejs/egg_dome/node_modules/_koa-compose@3.2.1@koa-compose/index.js:44:32)

pid: 16919
hostname: lbrdeMacBook-Pro.local

2019-03-27 18:55:47,420 ERROR 16919 [-/127.0.0.1/-/1ms GET /wxmp/wx_login?code=071MyOVr0x1Edf11niVr0zhtVr0MyOV3&peerid=tqao1jtr3e5pz0vgdlkf] nodejs.ReferenceError: ctx is not defined
    at WxmpService.login (/Users/lbr/code/test/nodejs/egg_dome/app/service/wxmp.js:6:24)
    at Object.exports.wx_login (/Users/lbr/code/test/nodejs/egg_dome/app/controller/wxmp.js:2:37)
    at Object.callFn (/Users/lbr/code/test/nodejs/egg_dome/node_modules/_egg-core@4.16.1@egg-core/lib/utils/index.js:44:21)
    at Object.objectControllerMiddleware (/Users/lbr/code/test/nodejs/egg_dome/node_modules/_egg-core@4.16.1@egg-core/lib/loader/mixin/controller.js:115:26)
    at Object.callFn (/Users/lbr/code/test/nodejs/egg_dome/node_modules/_@eggjs_router@2.0.0@@eggjs/router/lib/utils.js:12:21)
    at wrappedController (/Users/lbr/code/test/nodejs/egg_dome/node_modules/_@eggjs_router@2.0.0@@eggjs/router/lib/egg_router.js:322:18)
    at dispatch (/Users/lbr/code/test/nodejs/egg_dome/node_modules/_koa-compose@3.2.1@koa-compose/index.js:44:32)
    at next (/Users/lbr/code/test/nodejs/egg_dome/node_modules/_koa-compose@3.2.1@koa-compose/index.js:45:18)
    at /Users/lbr/code/test/nodejs/egg_dome/node_modules/_@eggjs_router@2.0.0@@eggjs/router/lib/router.js:190:18
    at dispatch (/Users/lbr/code/test/nodejs/egg_dome/node_modules/_koa-compose@3.2.1@koa-compose/index.js:44:32)

pid: 16919
hostname: lbrdeMacBook-Pro.local

2019-03-27 18:55:47,958 ERROR 16919 [-/127.0.0.1/-/1ms GET /wxmp/wx_login?code=071MyOVr0x1Edf11niVr0zhtVr0MyOV3&peerid=tqao1jtr3e5pz0vgdlkf] nodejs.ReferenceError: ctx is not defined
    at WxmpService.login (/Users/lbr/code/test/nodejs/egg_dome/app/service/wxmp.js:6:24)
    at Object.exports.wx_login (/Users/lbr/code/test/nodejs/egg_dome/app/controller/wxmp.js:2:37)
    at Object.callFn (/Users/lbr/code/test/nodejs/egg_dome/node_modules/_egg-core@4.16.1@egg-core/lib/utils/index.js:44:21)
    at Object.objectControllerMiddleware (/Users/lbr/code/test/nodejs/egg_dome/node_modules/_egg-core@4.16.1@egg-core/lib/loader/mixin/controller.js:115:26)
    at Object.callFn (/Users/lbr/code/test/nodejs/egg_dome/node_modules/_@eggjs_router@2.0.0@@eggjs/router/lib/utils.js:12:21)
    at wrappedController (/Users/lbr/code/test/nodejs/egg_dome/node_modules/_@eggjs_router@2.0.0@@eggjs/router/lib/egg_router.js:322:18)
    at dispatch (/Users/lbr/code/test/nodejs/egg_dome/node_modules/_koa-compose@3.2.1@koa-compose/index.js:44:32)
    at next (/Users/lbr/code/test/nodejs/egg_dome/node_modules/_koa-compose@3.2.1@koa-compose/index.js:45:18)
    at /Users/lbr/code/test/nodejs/egg_dome/node_modules/_@eggjs_router@2.0.0@@eggjs/router/lib/router.js:190:18
    at dispatch (/Users/lbr/code/test/nodejs/egg_dome/node_modules/_koa-compose@3.2.1@koa-compose/index.js:44:32)

pid: 16919
hostname: lbrdeMacBook-Pro.local

2019-03-27 18:56:01,532 ERROR 16982 [-/127.0.0.1/-/11ms GET /wxmp/wx_login?code=071MyOVr0x1Edf11niVr0zhtVr0MyOV3&peerid=tqao1jtr3e5pz0vgdlkf] nodejs.ReferenceError: ctx is not defined
    at WxmpService.login (/Users/lbr/code/test/nodejs/egg_dome/app/service/wxmp.js:6:24)
    at Object.exports.wx_login (/Users/lbr/code/test/nodejs/egg_dome/app/controller/wxmp.js:2:37)
    at Object.callFn (/Users/lbr/code/test/nodejs/egg_dome/node_modules/_egg-core@4.16.1@egg-core/lib/utils/index.js:44:21)
    at Object.objectControllerMiddleware (/Users/lbr/code/test/nodejs/egg_dome/node_modules/_egg-core@4.16.1@egg-core/lib/loader/mixin/controller.js:115:26)
    at Object.callFn (/Users/lbr/code/test/nodejs/egg_dome/node_modules/_@eggjs_router@2.0.0@@eggjs/router/lib/utils.js:12:21)
    at wrappedController (/Users/lbr/code/test/nodejs/egg_dome/node_modules/_@eggjs_router@2.0.0@@eggjs/router/lib/egg_router.js:322:18)
    at dispatch (/Users/lbr/code/test/nodejs/egg_dome/node_modules/_koa-compose@3.2.1@koa-compose/index.js:44:32)
    at next (/Users/lbr/code/test/nodejs/egg_dome/node_modules/_koa-compose@3.2.1@koa-compose/index.js:45:18)
    at /Users/lbr/code/test/nodejs/egg_dome/node_modules/_@eggjs_router@2.0.0@@eggjs/router/lib/router.js:190:18
    at dispatch (/Users/lbr/code/test/nodejs/egg_dome/node_modules/_koa-compose@3.2.1@koa-compose/index.js:44:32)

pid: 16982
hostname: lbrdeMacBook-Pro.local

2019-03-27 18:57:14,410 ERROR 17024 [-/127.0.0.1/-/294ms GET /wxmp/wx_login?code=071MyOVr0x1Edf11niVr0zhtVr0MyOV3&peerid=tqao1jtr3e5pz0vgdlkf] nodejs.ReferenceError: result is not defined
    at WxmpService.login (/Users/lbr/code/test/nodejs/egg_dome/app/service/wxmp.js:26:17)
    at process._tickCallback (internal/process/next_tick.js:68:7)

pid: 17024
hostname: lbrdeMacBook-Pro.local

2019-03-27 19:03:54,067 ERROR 17228 [-/127.0.0.1/-/150ms GET /wxmp/wx_login?code=071Mq9td2yL3CG08uysd2pp5td2Mq9te&peerid=tqao1jtr3e5pz0vgdlkf] nodejs.TypeError: Assignment to constant variable.
    at WxmpService.login (/Users/lbr/code/test/nodejs/egg_dome/app/service/wxmp.js:15:15)
    at process._tickCallback (internal/process/next_tick.js:68:7)

pid: 17228
hostname: lbrdeMacBook-Pro.local

2019-03-27 19:04:18,146 ERROR 17237 [-/127.0.0.1/-/276ms GET /wxmp/wx_login?code=0019Mn541YuHAS1Bz5641bfl5419Mn58&peerid=tqao1jtr3e5pz0vgdlkf] nodejs.TypeError: Assignment to constant variable.
    at WxmpService.login (/Users/lbr/code/test/nodejs/egg_dome/app/service/wxmp.js:15:15)
    at process._tickCallback (internal/process/next_tick.js:68:7)

pid: 17237
hostname: lbrdeMacBook-Pro.local

2019-03-27 19:05:10,514 ERROR 17264 [-/127.0.0.1/-/31ms GET /wxmp/wx_login?code=081cy7Kb0P7jyA1Nf0Lb0N35Kb0cy7Kq&peerid=tqao1jtr3e5pz0vgdlkf] nodejs.TypeError: Cannot read property 'errcode' of undefined
    at WxmpService.login (/Users/lbr/code/test/nodejs/egg_dome/app/service/wxmp.js:17:20)
    at process._tickCallback (internal/process/next_tick.js:68:7)

pid: 17264
hostname: lbrdeMacBook-Pro.local

2019-03-27 19:06:05,614 ERROR 17295 [-/127.0.0.1/-/32ms GET /wxmp/wx_login?code=081cy7Kb0P7jyA1Nf0Lb0N35Kb0cy7Kq&peerid=tqao1jtr3e5pz0vgdlkf] nodejs.TypeError: Cannot read property 'errcode' of undefined
    at WxmpService.login (/Users/lbr/code/test/nodejs/egg_dome/app/service/wxmp.js:17:20)
    at process._tickCallback (internal/process/next_tick.js:68:7)

pid: 17295
hostname: lbrdeMacBook-Pro.local

2019-03-27 19:13:25,580 ERROR 17526 [-/127.0.0.1/-/174ms GET /wxmp/wx_login?code=081zvhPH1VkLU10047PH13mCPH1zvhPL&peerid=tqao1jtr3e5pz0vgdlkf] nodejs.TypeError: Assignment to constant variable.
    at WxmpService.login (/Users/lbr/code/test/nodejs/egg_dome/app/service/wxmp.js:14:15)
    at process._tickCallback (internal/process/next_tick.js:68:7)

pid: 17526
hostname: lbrdeMacBook-Pro.local

2019-03-27 19:14:03,457 ERROR 17548 [-/undefined/-/229ms GET /wxmp/wx_login?code=081zvhPH1VkLU10047PH13mCPH1zvhPL&peerid=tqao1jtr3e5pz0vgdlkf] nodejs.TypeError: Assignment to constant variable.
    at WxmpService.login (/Users/lbr/code/test/nodejs/egg_dome/app/service/wxmp.js:14:15)
    at process._tickCallback (internal/process/next_tick.js:68:7)
headerSent: true
pid: 17548
hostname: lbrdeMacBook-Pro.local

2019-03-27 19:14:03,907 ERROR 17548 [-/127.0.0.1/-/99ms GET /wxmp/wx_login?code=081zvhPH1VkLU10047PH13mCPH1zvhPL&peerid=tqao1jtr3e5pz0vgdlkf] nodejs.TypeError: Assignment to constant variable.
    at WxmpService.login (/Users/lbr/code/test/nodejs/egg_dome/app/service/wxmp.js:14:15)
    at process._tickCallback (internal/process/next_tick.js:68:7)

pid: 17548
hostname: lbrdeMacBook-Pro.local

2019-03-27 19:14:21,997 ERROR 17558 [-/127.0.0.1/-/170ms GET /wxmp/wx_login?code=081zvhPH1VkLU10047PH13mCPH1zvhPL&peerid=tqao1jtr3e5pz0vgdlkf] nodejs.TypeError: Assignment to constant variable.
    at WxmpService.login (/Users/lbr/code/test/nodejs/egg_dome/app/service/wxmp.js:14:15)
    at process._tickCallback (internal/process/next_tick.js:68:7)

pid: 17558
hostname: lbrdeMacBook-Pro.local

2019-03-27 19:14:52,335 ERROR 17573 [-/127.0.0.1/-/193ms GET /wxmp/wx_login?code=081zvhPH1VkLU10047PH13mCPH1zvhPL&peerid=tqao1jtr3e5pz0vgdlkf] nodejs.TypeError: Assignment to constant variable.
    at WxmpService.login (/Users/lbr/code/test/nodejs/egg_dome/app/service/wxmp.js:14:15)
    at process._tickCallback (internal/process/next_tick.js:68:7)

pid: 17573
hostname: lbrdeMacBook-Pro.local

2019-03-27 19:18:26,053 ERROR 17688 [-/undefined/-/226ms GET /wxmp/wx_login?code=081zvhPH1VkLU10047PH13mCPH1zvhPL&peerid=tqao1jtr3e5pz0vgdlkf] nodejs.TypeError: Assignment to constant variable.
    at WxmpService.login (/Users/lbr/code/test/nodejs/egg_dome/app/service/wxmp.js:14:15)
    at process._tickCallback (internal/process/next_tick.js:68:7)
headerSent: true
pid: 17688
hostname: lbrdeMacBook-Pro.local

2019-03-27 19:18:26,544 ERROR 17688 [-/127.0.0.1/-/100ms GET /wxmp/wx_login?code=081zvhPH1VkLU10047PH13mCPH1zvhPL&peerid=tqao1jtr3e5pz0vgdlkf] nodejs.TypeError: Assignment to constant variable.
    at WxmpService.login (/Users/lbr/code/test/nodejs/egg_dome/app/service/wxmp.js:14:15)
    at process._tickCallback (internal/process/next_tick.js:68:7)

pid: 17688
hostname: lbrdeMacBook-Pro.local

2019-03-27 19:18:53,045 ERROR 17702 [-/undefined/-/154ms GET /wxmp/wx_login?code=081zvhPH1VkLU10047PH13mCPH1zvhPL&peerid=tqao1jtr3e5pz0vgdlkf] nodejs.TypeError: Assignment to constant variable.
    at WxmpService.login (/Users/lbr/code/test/nodejs/egg_dome/app/service/wxmp.js:14:15)
    at process._tickCallback (internal/process/next_tick.js:68:7)
headerSent: true
pid: 17702
hostname: lbrdeMacBook-Pro.local

2019-03-27 19:18:53,517 ERROR 17702 [-/127.0.0.1/-/86ms GET /wxmp/wx_login?code=081zvhPH1VkLU10047PH13mCPH1zvhPL&peerid=tqao1jtr3e5pz0vgdlkf] nodejs.TypeError: Assignment to constant variable.
    at WxmpService.login (/Users/lbr/code/test/nodejs/egg_dome/app/service/wxmp.js:14:15)
    at process._tickCallback (internal/process/next_tick.js:68:7)

pid: 17702
hostname: lbrdeMacBook-Pro.local

2019-03-27 19:19:17,301 ERROR 17715 [-/undefined/-/250ms GET /wxmp/wx_login?code=081zvhPH1VkLU10047PH13mCPH1zvhPL&peerid=tqao1jtr3e5pz0vgdlkf] nodejs.TypeError: Assignment to constant variable.
    at WxmpService.login (/Users/lbr/code/test/nodejs/egg_dome/app/service/wxmp.js:14:15)
    at process._tickCallback (internal/process/next_tick.js:68:7)
headerSent: true
pid: 17715
hostname: lbrdeMacBook-Pro.local

2019-03-27 19:19:17,720 ERROR 17715 [-/127.0.0.1/-/119ms GET /wxmp/wx_login?code=081zvhPH1VkLU10047PH13mCPH1zvhPL&peerid=tqao1jtr3e5pz0vgdlkf] nodejs.TypeError: Assignment to constant variable.
    at WxmpService.login (/Users/lbr/code/test/nodejs/egg_dome/app/service/wxmp.js:14:15)
    at process._tickCallback (internal/process/next_tick.js:68:7)

pid: 17715
hostname: lbrdeMacBook-Pro.local

2019-03-27 19:19:33,186 ERROR 17722 [-/127.0.0.1/-/191ms GET /wxmp/wx_login?code=081zvhPH1VkLU10047PH13mCPH1zvhPL&peerid=tqao1jtr3e5pz0vgdlkf] nodejs.TypeError: Assignment to constant variable.
    at WxmpService.login (/Users/lbr/code/test/nodejs/egg_dome/app/service/wxmp.js:14:15)
    at process._tickCallback (internal/process/next_tick.js:68:7)

pid: 17722
hostname: lbrdeMacBook-Pro.local

2019-03-27 19:20:40,204 ERROR 17760 [-/127.0.0.1/-/10ms GET /wxmp/wx_login?code=081zvhPH1VkLU10047PH13mCPH1zvhPL&peerid=tqao1jtr3e5pz0vgdlkf] nodejs.ReferenceError: Must call super constructor in derived class before accessing 'this' or returning from derived constructor
    at new WxmpService (/Users/lbr/code/test/nodejs/egg_dome/app/service/wxmp.js:3:16)
    at getInstance (/Users/lbr/code/test/nodejs/egg_dome/node_modules/_egg-core@4.16.1@egg-core/lib/loader/context_loader.js:92:18)
    at ClassLoader.get (/Users/lbr/code/test/nodejs/egg_dome/node_modules/_egg-core@4.16.1@egg-core/lib/loader/context_loader.js:27:22)
    at Object.exports.wx_login (/Users/lbr/code/test/nodejs/egg_dome/app/controller/wxmp.js:2:32)
    at Object.callFn (/Users/lbr/code/test/nodejs/egg_dome/node_modules/_egg-core@4.16.1@egg-core/lib/utils/index.js:44:21)
    at Object.objectControllerMiddleware (/Users/lbr/code/test/nodejs/egg_dome/node_modules/_egg-core@4.16.1@egg-core/lib/loader/mixin/controller.js:115:26)
    at Object.callFn (/Users/lbr/code/test/nodejs/egg_dome/node_modules/_@eggjs_router@2.0.0@@eggjs/router/lib/utils.js:12:21)
    at wrappedController (/Users/lbr/code/test/nodejs/egg_dome/node_modules/_@eggjs_router@2.0.0@@eggjs/router/lib/egg_router.js:322:18)
    at dispatch (/Users/lbr/code/test/nodejs/egg_dome/node_modules/_koa-compose@3.2.1@koa-compose/index.js:44:32)
    at next (/Users/lbr/code/test/nodejs/egg_dome/node_modules/_koa-compose@3.2.1@koa-compose/index.js:45:18)

pid: 17760
hostname: lbrdeMacBook-Pro.local

2019-03-27 19:22:36,462 ERROR 17846 [-/127.0.0.1/-/11ms GET /wxmp/wx_login?code=081zvhPH1VkLU10047PH13mCPH1zvhPL&peerid=tqao1jtr3e5pz0vgdlkf] nodejs.TypeError: Cannot read property 'app' of undefined
    at new BaseContextClass (/Users/lbr/code/test/nodejs/egg_dome/node_modules/_egg-core@4.16.1@egg-core/lib/utils/base_context_class.js:25:20)
    at new BaseContextClass (/Users/lbr/code/test/nodejs/egg_dome/node_modules/_egg@2.20.2@egg/lib/core/base_context_class.js:13:1)
    at new WxmpService (/Users/lbr/code/test/nodejs/egg_dome/app/service/wxmp.js:4:9)
    at getInstance (/Users/lbr/code/test/nodejs/egg_dome/node_modules/_egg-core@4.16.1@egg-core/lib/loader/context_loader.js:92:18)
    at ClassLoader.get (/Users/lbr/code/test/nodejs/egg_dome/node_modules/_egg-core@4.16.1@egg-core/lib/loader/context_loader.js:27:22)
    at Object.exports.wx_login (/Users/lbr/code/test/nodejs/egg_dome/app/controller/wxmp.js:2:32)
    at Object.callFn (/Users/lbr/code/test/nodejs/egg_dome/node_modules/_egg-core@4.16.1@egg-core/lib/utils/index.js:44:21)
    at Object.objectControllerMiddleware (/Users/lbr/code/test/nodejs/egg_dome/node_modules/_egg-core@4.16.1@egg-core/lib/loader/mixin/controller.js:115:26)
    at Object.callFn (/Users/lbr/code/test/nodejs/egg_dome/node_modules/_@eggjs_router@2.0.0@@eggjs/router/lib/utils.js:12:21)
    at wrappedController (/Users/lbr/code/test/nodejs/egg_dome/node_modules/_@eggjs_router@2.0.0@@eggjs/router/lib/egg_router.js:322:18)

pid: 17846
hostname: lbrdeMacBook-Pro.local

2019-03-28 11:50:56,755 ERROR 7831 [-/127.0.0.1/-/206ms GET /wxapp/common/login?code=011oK4NF10oh290VjCMF1kC3NF1oK4NB&user_info=%7B%22nickName%22%3A%22feel%22%2C%22gender%22%3A1%2C%22language%22%3A%22zh_CN%22%2C%22city%22%3A%22%22%2C%22province%22%3A%22%22%2C%22country%22%3A%22Bhutan%22%2C%22avatarUrl%22%3A%22https%3A%2F%2Fwx.qlogo.cn%2Fmmopen%2Fvi_32%2FQ0j4TwGTfTKQykrOxiaiacHoFf2AGw4bP2yk2XFtWoJuL936z0Tg4JxEE93aMO6ico0BWjahq3ODlpAYoel8JibGyA%2F132%22%7D] nodejs.ER_TRUNCATED_WRONG_VALUE_FOR_FIELDError: ER_TRUNCATED_WRONG_VALUE_FOR_FIELD: Incorrect integer value: 'oVii05MTCIg1T5k2BNs0pnvnSF8k' for column 'user_id' at row 1
    at Query.Sequence._packetToError (/Users/lbr/code/test/nodejs/egg_dome/node_modules/_mysql@2.16.0@mysql/lib/protocol/sequences/Sequence.js:47:14)
    at Query.ErrorPacket (/Users/lbr/code/test/nodejs/egg_dome/node_modules/_mysql@2.16.0@mysql/lib/protocol/sequences/Query.js:77:18)
    at Protocol._parsePacket (/Users/lbr/code/test/nodejs/egg_dome/node_modules/_mysql@2.16.0@mysql/lib/protocol/Protocol.js:278:23)
    at Parser.write (/Users/lbr/code/test/nodejs/egg_dome/node_modules/_mysql@2.16.0@mysql/lib/protocol/Parser.js:76:12)
    at Protocol.write (/Users/lbr/code/test/nodejs/egg_dome/node_modules/_mysql@2.16.0@mysql/lib/protocol/Protocol.js:38:16)
    at Socket.<anonymous> (/Users/lbr/code/test/nodejs/egg_dome/node_modules/_mysql@2.16.0@mysql/lib/Connection.js:91:28)
    at Socket.<anonymous> (/Users/lbr/code/test/nodejs/egg_dome/node_modules/_mysql@2.16.0@mysql/lib/Connection.js:502:10)
    at Socket.emit (events.js:182:13)
    at addChunk (_stream_readable.js:283:12)
    at readableAddChunk (_stream_readable.js:264:11)
    --------------------
    at Pool.query (/Users/lbr/code/test/nodejs/egg_dome/node_modules/_mysql@2.16.0@mysql/lib/Pool.js:199:23)
    at /Users/lbr/code/test/nodejs/egg_dome/node_modules/_pify@2.3.0@pify/index.js:29:7
    at new Promise (<anonymous>)
    at Pool.<anonymous> (/Users/lbr/code/test/nodejs/egg_dome/node_modules/_pify@2.3.0@pify/index.js:12:10)
    at Pool.ret [as query] (/Users/lbr/code/test/nodejs/egg_dome/node_modules/_pify@2.3.0@pify/index.js:56:34)
    at RDSClient.proto._query (/Users/lbr/code/test/nodejs/egg_dome/node_modules/_ali-rds@3.3.0@ali-rds/lib/client.js:34:20)
    at RDSClient.proto.query (/Users/lbr/code/test/nodejs/egg_dome/node_modules/_ali-rds@3.3.0@ali-rds/lib/operator.js:54:29)
    at proto.query.next (<anonymous>)
    at onFulfilled (/Users/lbr/code/test/nodejs/egg_dome/node_modules/_co@4.6.0@co/index.js:65:19)
    at /Users/lbr/code/test/nodejs/egg_dome/node_modules/_co@4.6.0@co/index.js:54:5
    sql: INSERT INTO `user`(`user_id`, `openid`, `nickname`, `headimgurl`) VALUES('oVii05MTCIg1T5k2BNs0pnvnSF8k', 'oVii05MTCIg1T5k2BNs0pnvnSF8k', 'feel', 'https://wx.qlogo.cn/mmopen/vi_32/Q0j4TwGTfTKQykrOxiaiacHoFf2AGw4bP2yk2XFtWoJuL936z0Tg4JxEE93aMO6ico0BWjahq3ODlpAYoel8JibGyA/132')
code: "ER_TRUNCATED_WRONG_VALUE_FOR_FIELD"
errno: 1366
sqlMessage: "Incorrect integer value: 'oVii05MTCIg1T5k2BNs0pnvnSF8k' for column 'user_id' at row 1"
sqlState: "HY000"
index: 0
sql: "INSERT INTO `user`(`user_id`, `openid`, `nickname`, `headimgurl`) VALUES('oVii05MTCIg1T5k2BNs0pnvnSF8k', 'oVii05MTCIg1T5k2BNs0pnvnSF8k', 'feel', 'https://wx.qlogo.cn/mmopen/vi_32/Q0j4TwGTfTKQykrOxiaiacHoFf2AGw4bP2yk2XFtWoJuL936z0Tg4JxEE93aMO6ico0BWjahq3ODlpAYoel8JibGyA/132')"
name: "ER_TRUNCATED_WRONG_VALUE_FOR_FIELDError"
pid: 7831
hostname: lbrdeMacBook-Pro.local

2019-04-02 10:18:25,466 ERROR 1916 [-/127.0.0.1/-/9ms GET /book/list] nodejs.ReferenceError: ctx is not defined
    at IndexController.getBookList (/Users/lbr/code/test/nodejs/egg_dome/app/controller/index.js:13:18)
    at Object.callFn (/Users/lbr/code/test/nodejs/egg_dome/node_modules/_egg-core@4.16.1@egg-core/lib/utils/index.js:44:21)
    at Object.classControllerMiddleware (/Users/lbr/code/test/nodejs/egg_dome/node_modules/_egg-core@4.16.1@egg-core/lib/loader/mixin/controller.js:87:20)
    at Object.callFn (/Users/lbr/code/test/nodejs/egg_dome/node_modules/_@eggjs_router@2.0.0@@eggjs/router/lib/utils.js:12:21)
    at wrappedController (/Users/lbr/code/test/nodejs/egg_dome/node_modules/_@eggjs_router@2.0.0@@eggjs/router/lib/egg_router.js:322:18)
    at dispatch (/Users/lbr/code/test/nodejs/egg_dome/node_modules/_koa-compose@3.2.1@koa-compose/index.js:44:32)
    at next (/Users/lbr/code/test/nodejs/egg_dome/node_modules/_koa-compose@3.2.1@koa-compose/index.js:45:18)
    at /Users/lbr/code/test/nodejs/egg_dome/node_modules/_@eggjs_router@2.0.0@@eggjs/router/lib/router.js:190:18
    at dispatch (/Users/lbr/code/test/nodejs/egg_dome/node_modules/_koa-compose@3.2.1@koa-compose/index.js:44:32)
    at /Users/lbr/code/test/nodejs/egg_dome/node_modules/_koa-compose@3.2.1@koa-compose/index.js:36:12

pid: 1916
hostname: lbrdeMacBook-Pro.local

2019-04-02 10:19:13,101 ERROR 1958 [-/127.0.0.1/-/10ms GET /book/list] nodejs.ReferenceError: ctx is not defined
    at ReptileService.list (/Users/lbr/code/test/nodejs/egg_dome/app/service/reptile.js:6:16)
    at IndexController.getBookList (/Users/lbr/code/test/nodejs/egg_dome/app/controller/index.js:14:44)
    at Object.callFn (/Users/lbr/code/test/nodejs/egg_dome/node_modules/_egg-core@4.16.1@egg-core/lib/utils/index.js:44:21)
    at Object.classControllerMiddleware (/Users/lbr/code/test/nodejs/egg_dome/node_modules/_egg-core@4.16.1@egg-core/lib/loader/mixin/controller.js:87:20)
    at Object.callFn (/Users/lbr/code/test/nodejs/egg_dome/node_modules/_@eggjs_router@2.0.0@@eggjs/router/lib/utils.js:12:21)
    at wrappedController (/Users/lbr/code/test/nodejs/egg_dome/node_modules/_@eggjs_router@2.0.0@@eggjs/router/lib/egg_router.js:322:18)
    at dispatch (/Users/lbr/code/test/nodejs/egg_dome/node_modules/_koa-compose@3.2.1@koa-compose/index.js:44:32)
    at next (/Users/lbr/code/test/nodejs/egg_dome/node_modules/_koa-compose@3.2.1@koa-compose/index.js:45:18)
    at /Users/lbr/code/test/nodejs/egg_dome/node_modules/_@eggjs_router@2.0.0@@eggjs/router/lib/router.js:190:18
    at dispatch (/Users/lbr/code/test/nodejs/egg_dome/node_modules/_koa-compose@3.2.1@koa-compose/index.js:44:32)

pid: 1958
hostname: lbrdeMacBook-Pro.local

2019-04-02 10:36:04,365 ERROR 2574 [-/127.0.0.1/-/24ms GET /book/list] nodejs.ReferenceError: data is not defined
    at ReptileService.list (/Users/lbr/code/test/nodejs/egg_dome/app/service/reptile.js:51:5)
    at IndexController.getBookList (/Users/lbr/code/test/nodejs/egg_dome/app/controller/index.js:14:44)
    at Object.callFn (/Users/lbr/code/test/nodejs/egg_dome/node_modules/_egg-core@4.16.1@egg-core/lib/utils/index.js:44:21)
    at Object.classControllerMiddleware (/Users/lbr/code/test/nodejs/egg_dome/node_modules/_egg-core@4.16.1@egg-core/lib/loader/mixin/controller.js:87:20)
    at Object.callFn (/Users/lbr/code/test/nodejs/egg_dome/node_modules/_@eggjs_router@2.0.0@@eggjs/router/lib/utils.js:12:21)
    at wrappedController (/Users/lbr/code/test/nodejs/egg_dome/node_modules/_@eggjs_router@2.0.0@@eggjs/router/lib/egg_router.js:322:18)
    at dispatch (/Users/lbr/code/test/nodejs/egg_dome/node_modules/_koa-compose@3.2.1@koa-compose/index.js:44:32)
    at next (/Users/lbr/code/test/nodejs/egg_dome/node_modules/_koa-compose@3.2.1@koa-compose/index.js:45:18)
    at /Users/lbr/code/test/nodejs/egg_dome/node_modules/_@eggjs_router@2.0.0@@eggjs/router/lib/router.js:190:18
    at dispatch (/Users/lbr/code/test/nodejs/egg_dome/node_modules/_koa-compose@3.2.1@koa-compose/index.js:44:32)

pid: 2574
hostname: lbrdeMacBook-Pro.local

2019-04-02 10:44:30,897 ERROR 2898 [-/127.0.0.1/-/873ms GET /book/list] nodejs.TypeError: list.forEach is not a function
    at ReptileService.list (/Users/lbr/code/test/nodejs/egg_dome/app/service/reptile.js:13:14)
    at process._tickCallback (internal/process/next_tick.js:68:7)

pid: 2898
hostname: lbrdeMacBook-Pro.local

2019-04-02 10:44:56,722 ERROR 2910 [-/127.0.0.1/-/1369ms GET /book/list] nodejs.TypeError: list.for is not a function
    at ReptileService.list (/Users/lbr/code/test/nodejs/egg_dome/app/service/reptile.js:14:17)
    at process._tickCallback (internal/process/next_tick.js:68:7)

pid: 2910
hostname: lbrdeMacBook-Pro.local

2019-04-02 10:51:29,738 ERROR 3114 [-/127.0.0.1/-/915ms GET /book/list] nodejs.TypeError: this.find is not a function
    at Node.list.each (/Users/lbr/code/test/nodejs/egg_dome/app/service/reptile.js:21:28)
    at initialize.exports.each (/Users/lbr/code/test/nodejs/egg_dome/node_modules/_cheerio@1.0.0-rc.2@cheerio/lib/api/traversing.js:300:24)
    at ReptileService.list (/Users/lbr/code/test/nodejs/egg_dome/app/service/reptile.js:19:14)
    at process._tickCallback (internal/process/next_tick.js:68:7)

pid: 3114
hostname: lbrdeMacBook-Pro.local

2019-04-02 10:53:52,601 ERROR 3197 [-/127.0.0.1/-/922ms GET /book/list] nodejs.TypeError: this.find is not a function
    at Node.list.each (/Users/lbr/code/test/nodejs/egg_dome/app/service/reptile.js:19:28)
    at initialize.exports.each (/Users/lbr/code/test/nodejs/egg_dome/node_modules/_cheerio@1.0.0-rc.2@cheerio/lib/api/traversing.js:300:24)
    at ReptileService.list (/Users/lbr/code/test/nodejs/egg_dome/app/service/reptile.js:17:14)
    at process._tickCallback (internal/process/next_tick.js:68:7)

pid: 3197
hostname: lbrdeMacBook-Pro.local

2019-04-02 10:54:57,102 ERROR 3245 [-/127.0.0.1/-/1159ms GET /book/list] nodejs.TypeError: this.find is not a function
    at Node.list.each (/Users/lbr/code/test/nodejs/egg_dome/app/service/reptile.js:19:28)
    at initialize.exports.each (/Users/lbr/code/test/nodejs/egg_dome/node_modules/_cheerio@1.0.0-rc.2@cheerio/lib/api/traversing.js:300:24)
    at ReptileService.list (/Users/lbr/code/test/nodejs/egg_dome/app/service/reptile.js:17:14)
    at process._tickCallback (internal/process/next_tick.js:68:7)

pid: 3245
hostname: lbrdeMacBook-Pro.local

2019-04-02 10:59:03,041 ERROR 3364 [-/127.0.0.1/-/978ms GET /book/list] nodejs.TypeError: this.find is not a function
    at Node.list.each (/Users/lbr/code/test/nodejs/egg_dome/app/service/reptile.js:22:28)
    at initialize.exports.each (/Users/lbr/code/test/nodejs/egg_dome/node_modules/_cheerio@1.0.0-rc.2@cheerio/lib/api/traversing.js:300:24)
    at ReptileService.list (/Users/lbr/code/test/nodejs/egg_dome/app/service/reptile.js:20:14)
    at process._tickCallback (internal/process/next_tick.js:68:7)

pid: 3364
hostname: lbrdeMacBook-Pro.local

2019-04-02 10:59:27,978 ERROR 3378 [-/127.0.0.1/-/937ms GET /book/list] nodejs.TypeError: this.text is not a function
    at Node.list.each (/Users/lbr/code/test/nodejs/egg_dome/app/service/reptile.js:22:28)
    at initialize.exports.each (/Users/lbr/code/test/nodejs/egg_dome/node_modules/_cheerio@1.0.0-rc.2@cheerio/lib/api/traversing.js:300:24)
    at ReptileService.list (/Users/lbr/code/test/nodejs/egg_dome/app/service/reptile.js:20:14)
    at process._tickCallback (internal/process/next_tick.js:68:7)

pid: 3378
hostname: lbrdeMacBook-Pro.local

2019-04-02 10:59:50,194 ERROR 3389 [-/127.0.0.1/-/906ms GET /book/list] nodejs.TypeError: this.text is not a function
    at Node.<anonymous> (/Users/lbr/code/test/nodejs/egg_dome/app/service/reptile.js:22:28)
    at initialize.exports.each (/Users/lbr/code/test/nodejs/egg_dome/node_modules/_cheerio@1.0.0-rc.2@cheerio/lib/api/traversing.js:300:24)
    at ReptileService.list (/Users/lbr/code/test/nodejs/egg_dome/app/service/reptile.js:20:14)
    at process._tickCallback (internal/process/next_tick.js:68:7)

pid: 3389
hostname: lbrdeMacBook-Pro.local

2019-04-02 19:04:21,524 ERROR 20955 [-/127.0.0.1/-/0ms GET /] nodejs.TypeError: console.loh is not a function
    at app.beforeStart (/Users/lbr/code/test/nodejs/egg_dome/app.js:9:13)
    at process._tickCallback (internal/process/next_tick.js:68:7)

pid: 20955
hostname: lbrdeMacBook-Pro.local

2019-04-02 19:04:34,249 ERROR 20967 [-/127.0.0.1/-/0ms GET /] nodejs.TypeError: console.loh is not a function
    at app.beforeStart (/Users/lbr/code/test/nodejs/egg_dome/app.js:9:13)
    at Object.callFn (/Users/lbr/code/test/nodejs/egg_dome/node_modules/_egg-core@4.16.1@egg-core/lib/utils/index.js:44:42)
    at process.nextTick (/Users/lbr/code/test/nodejs/egg_dome/node_modules/_egg-core@4.16.1@egg-core/lib/lifecycle.js:248:13)
    at process._tickCallback (internal/process/next_tick.js:61:11)
    at Function.Module.runMain (internal/modules/cjs/loader.js:745:11)
    at startup (internal/bootstrap/node.js:283:19)
    at bootstrapNodeJSCore (internal/bootstrap/node.js:743:3)

pid: 20967
hostname: lbrdeMacBook-Pro.local

